<?xml version="1.0" encoding="UTF-8"?><testrun duration="38" footerText="Generated by PyCharm on 2021-11-24, 10:20 a.m." name="">
    <count name="total" value="38"/>
    <count name="failed" value="2"/>
    <count name="passed" value="36"/>
    <config configId="tests" name="">
        <module name="Lab4_src"/>
        <option name="INTERPRETER_OPTIONS" value=""/>
        <option name="PARENT_ENVS" value="true"/>
        <option name="SDK_HOME" value="C:\Users\Lora\AppData\Local\Microsoft\WindowsApps\python3.9.exe"/>
        <option name="WORKING_DIRECTORY" value="C:/Users/Lora/Documents/School/ECE322/Lab4/src/tests"/>
        <option name="IS_MODULE_SDK" value="true"/>
        <option name="ADD_CONTENT_ROOTS" value="true"/>
        <option name="ADD_SOURCE_ROOTS" value="true"/>
        <EXTENSION ID="PythonCoverageRunConfigurationExtension" runner="coverage.py"/>
        <option name="_new_additionalArguments" value="&quot;&quot;"/>
        <option name="_new_target" value="&quot;C:/Users/Lora/Documents/School/ECE322/Lab4/src/tests&quot;"/>
        <option name="_new_targetType" value="&quot;PATH&quot;"/>
        <method v="2"/>
    </config>
    <suite duration="17" locationUrl="python&lt;C:\Users\Lora\Documents\School\ECE322\Lab4\src\tests&gt;://TestModuleA" name="TestModuleA" status="passed">
        <suite duration="17" locationUrl="python&lt;C:\Users\Lora\Documents\School\ECE322\Lab4\src\tests&gt;://TestModuleA.TestModuleA" name="TestModuleA" status="passed">
            <test duration="7" locationUrl="python&lt;C:\Users\Lora\Documents\School\ECE322\Lab4\src\tests&gt;://TestModuleA.TestModuleA.test_allCommands" name="test_allCommands" status="passed"/>
            <test duration="0" locationUrl="python&lt;C:\Users\Lora\Documents\School\ECE322\Lab4\src\tests&gt;://TestModuleA.TestModuleA.test_allCommandsIndexError" name="test_allCommandsIndexError" status="passed"/>
            <test duration="1" locationUrl="python&lt;C:\Users\Lora\Documents\School\ECE322\Lab4\src\tests&gt;://TestModuleA.TestModuleA.test_allCommandsNoFile" name="test_allCommandsNoFile" status="passed"/>
            <test duration="0" locationUrl="python&lt;C:\Users\Lora\Documents\School\ECE322\Lab4\src\tests&gt;://TestModuleA.TestModuleA.test_dataGetter" name="test_dataGetter" status="passed"/>
            <test duration="0" locationUrl="python&lt;C:\Users\Lora\Documents\School\ECE322\Lab4\src\tests&gt;://TestModuleA.TestModuleA.test_dataSetter" name="test_dataSetter" status="passed"/>
            <test duration="0" locationUrl="python&lt;C:\Users\Lora\Documents\School\ECE322\Lab4\src\tests&gt;://TestModuleA.TestModuleA.test_help" name="test_help" status="passed"/>
            <test duration="0" locationUrl="python&lt;C:\Users\Lora\Documents\School\ECE322\Lab4\src\tests&gt;://TestModuleA.TestModuleA.test_noCommand" name="test_noCommand" status="passed"/>
            <test duration="6" locationUrl="python&lt;C:\Users\Lora\Documents\School\ECE322\Lab4\src\tests&gt;://TestModuleA.TestModuleA.test_parseAddWithData" name="test_parseAddWithData" status="passed"/>
            <test duration="0" locationUrl="python&lt;C:\Users\Lora\Documents\School\ECE322\Lab4\src\tests&gt;://TestModuleA.TestModuleA.test_parseAddWithNoData" name="test_parseAddWithNoData" status="passed"/>
            <test duration="1" locationUrl="python&lt;C:\Users\Lora\Documents\School\ECE322\Lab4\src\tests&gt;://TestModuleA.TestModuleA.test_parseDeleteWithValue" name="test_parseDeleteWithValue" status="passed"/>
            <test duration="0" locationUrl="python&lt;C:\Users\Lora\Documents\School\ECE322\Lab4\src\tests&gt;://TestModuleA.TestModuleA.test_parseDeleteWithoutValue" name="test_parseDeleteWithoutValue" status="passed"/>
            <test duration="0" locationUrl="python&lt;C:\Users\Lora\Documents\School\ECE322\Lab4\src\tests&gt;://TestModuleA.TestModuleA.test_parseLoadData" name="test_parseLoadData" status="passed"/>
            <test duration="1" locationUrl="python&lt;C:\Users\Lora\Documents\School\ECE322\Lab4\src\tests&gt;://TestModuleA.TestModuleA.test_parseLoadNoData" name="test_parseLoadNoData" status="passed"/>
            <test duration="0" locationUrl="python&lt;C:\Users\Lora\Documents\School\ECE322\Lab4\src\tests&gt;://TestModuleA.TestModuleA.test_parseUpdateWithData" name="test_parseUpdateWithData" status="passed"/>
            <test duration="0" locationUrl="python&lt;C:\Users\Lora\Documents\School\ECE322\Lab4\src\tests&gt;://TestModuleA.TestModuleA.test_parseUpdateWithNoData" name="test_parseUpdateWithNoData" status="passed"/>
            <test duration="1" locationUrl="python&lt;C:\Users\Lora\Documents\School\ECE322\Lab4\src\tests&gt;://TestModuleA.TestModuleA.test_runExit" name="test_runExit" status="passed">
                <output type="stdout">Program Exit !
</output>
            </test>
            <test duration="0" locationUrl="python&lt;C:\Users\Lora\Documents\School\ECE322\Lab4\src\tests&gt;://TestModuleA.TestModuleA.test_runSortWithData" name="test_runSortWithData" status="passed"/>
            <test duration="0" locationUrl="python&lt;C:\Users\Lora\Documents\School\ECE322\Lab4\src\tests&gt;://TestModuleA.TestModuleA.test_runSortWithNoData" name="test_runSortWithNoData" status="passed"/>
            <test duration="0" locationUrl="python&lt;C:\Users\Lora\Documents\School\ECE322\Lab4\src\tests&gt;://TestModuleA.TestModuleA.test_unknownCmd" name="test_unknownCmd" status="passed"/>
        </suite>
    </suite>
    <suite duration="8" locationUrl="python&lt;C:\Users\Lora\Documents\School\ECE322\Lab4\src\tests&gt;://TestModuleB" name="TestModuleB" status="failed">
        <suite duration="8" locationUrl="python&lt;C:\Users\Lora\Documents\School\ECE322\Lab4\src\tests&gt;://TestModuleB.TestModuleB" name="TestModuleB" status="failed">
            <test duration="0" locationUrl="python&lt;C:\Users\Lora\Documents\School\ECE322\Lab4\src\tests&gt;://TestModuleB.TestModuleB.test_FGetter" name="test_FGetter" status="passed"/>
            <test duration="0" locationUrl="python&lt;C:\Users\Lora\Documents\School\ECE322\Lab4\src\tests&gt;://TestModuleB.TestModuleB.test_FSetter" name="test_FSetter" status="passed"/>
            <test duration="0" locationUrl="python&lt;C:\Users\Lora\Documents\School\ECE322\Lab4\src\tests&gt;://TestModuleB.TestModuleB.test_IOError" name="test_IOError" status="passed"/>
            <test duration="6" locationUrl="python&lt;C:\Users\Lora\Documents\School\ECE322\Lab4\src\tests&gt;://TestModuleB.TestModuleB.test_fileNotFoundError" name="test_fileNotFoundError" status="failed">
                <output type="stderr">FailureTraceback (most recent call last):
  File "C:\Program Files\WindowsApps\PythonSoftwareFoundation.Python.3.9_3.9.2544.0_x64__qbz5n2kfra8p0\lib\unittest\mock.py", line 1336, in patched
    return func(*newargs, **newkeywargs)
  File "C:\Users\Lora\Documents\School\ECE322\Lab4\src\tests\TestModuleB.py", line 64, in test_fileNotFoundError
    mockPrint.assert_called_once_with("FileNotFoundError")
  File "C:\Program Files\WindowsApps\PythonSoftwareFoundation.Python.3.9_3.9.2544.0_x64__qbz5n2kfra8p0\lib\unittest\mock.py", line 919, in assert_called_once_with
    return self.assert_called_with(*args, **kwargs)
  File "C:\Program Files\WindowsApps\PythonSoftwareFoundation.Python.3.9_3.9.2544.0_x64__qbz5n2kfra8p0\lib\unittest\mock.py", line 907, in assert_called_with
    raise AssertionError(_error_message()) from cause
AssertionError: expected call not found.
Expected: print('FileNotFoundError')
Actual: print('Could not read file:fileName.txt')
</output>
            </test>
            <test duration="2" locationUrl="python&lt;C:\Users\Lora\Documents\School\ECE322\Lab4\src\tests&gt;://TestModuleB.TestModuleB.test_loadFile" name="test_loadFile" status="passed"/>
        </suite>
    </suite>
    <suite duration="0" locationUrl="python&lt;C:\Users\Lora\Documents\School\ECE322\Lab4\src\tests&gt;://TestModuleC" name="TestModuleC" status="passed">
        <suite duration="0" locationUrl="python&lt;C:\Users\Lora\Documents\School\ECE322\Lab4\src\tests&gt;://TestModuleC.TestModuleC" name="TestModuleC" status="passed">
            <test duration="0" locationUrl="python&lt;C:\Users\Lora\Documents\School\ECE322\Lab4\src\tests&gt;://TestModuleC.TestModuleC.test_FGetter" name="test_FGetter" status="passed"/>
            <test duration="0" locationUrl="python&lt;C:\Users\Lora\Documents\School\ECE322\Lab4\src\tests&gt;://TestModuleC.TestModuleC.test_FSetter" name="test_FSetter" status="passed"/>
            <test duration="0" locationUrl="python&lt;C:\Users\Lora\Documents\School\ECE322\Lab4\src\tests&gt;://TestModuleC.TestModuleC.test_sortData" name="test_sortData" status="passed"/>
        </suite>
    </suite>
    <suite duration="3" locationUrl="python&lt;C:\Users\Lora\Documents\School\ECE322\Lab4\src\tests&gt;://TestModuleD" name="TestModuleD" status="failed">
        <suite duration="3" locationUrl="python&lt;C:\Users\Lora\Documents\School\ECE322\Lab4\src\tests&gt;://TestModuleD.TestModuleD" name="TestModuleD" status="failed">
            <test duration="0" locationUrl="python&lt;C:\Users\Lora\Documents\School\ECE322\Lab4\src\tests&gt;://TestModuleD.TestModuleD.test_FGetter" name="test_FGetter" status="passed"/>
            <test duration="2" locationUrl="python&lt;C:\Users\Lora\Documents\School\ECE322\Lab4\src\tests&gt;://TestModuleD.TestModuleD.test_FSetter" name="test_FSetter" status="passed"/>
            <test duration="1" locationUrl="python&lt;C:\Users\Lora\Documents\School\ECE322\Lab4\src\tests&gt;://TestModuleD.TestModuleD.test_GGetter" name="test_GGetter" status="passed"/>
            <test duration="0" locationUrl="python&lt;C:\Users\Lora\Documents\School\ECE322\Lab4\src\tests&gt;://TestModuleD.TestModuleD.test_GSetter" name="test_GSetter" status="passed"/>
            <test duration="0" locationUrl="python&lt;C:\Users\Lora\Documents\School\ECE322\Lab4\src\tests&gt;://TestModuleD.TestModuleD.test_deleteData" name="test_deleteData" status="passed"/>
            <test duration="0" locationUrl="python&lt;C:\Users\Lora\Documents\School\ECE322\Lab4\src\tests&gt;://TestModuleD.TestModuleD.test_insertData" name="test_insertData" status="passed"/>
            <test duration="0" locationUrl="python&lt;C:\Users\Lora\Documents\School\ECE322\Lab4\src\tests&gt;://TestModuleD.TestModuleD.test_updateData" name="test_updateData" status="failed">
                <diff actual="Z" expected="C"/>
                <output type="stderr">Z != C
Traceback (most recent call last):
  File "C:\Users\Lora\Documents\School\ECE322\Lab4\src\tests\TestModuleD.py", line 49, in test_updateData
    self.assertEqual(result[i].name, expected[i][0])
AssertionError: 'C' != 'Z'
- C
+ Z
</output>
            </test>
        </suite>
    </suite>
    <suite duration="0" locationUrl="python&lt;C:\Users\Lora\Documents\School\ECE322\Lab4\src\tests&gt;://TestModuleE" name="TestModuleE" status="passed">
        <suite duration="0" locationUrl="python&lt;C:\Users\Lora\Documents\School\ECE322\Lab4\src\tests&gt;://TestModuleE.TestModuleE" name="TestModuleE" status="passed">
            <test duration="0" locationUrl="python&lt;C:\Users\Lora\Documents\School\ECE322\Lab4\src\tests&gt;://TestModuleE.TestModuleE.test_exit" name="test_exit" status="passed">
                <output type="stdout">Program Exit !
</output>
            </test>
        </suite>
    </suite>
    <suite duration="1" locationUrl="python&lt;C:\Users\Lora\Documents\School\ECE322\Lab4\src\tests&gt;://TestModuleF" name="TestModuleF" status="passed">
        <suite duration="1" locationUrl="python&lt;C:\Users\Lora\Documents\School\ECE322\Lab4\src\tests&gt;://TestModuleF.TestModuleF" name="TestModuleF" status="passed">
            <test duration="1" locationUrl="python&lt;C:\Users\Lora\Documents\School\ECE322\Lab4\src\tests&gt;://TestModuleF.TestModuleF.test_displayData" name="test_displayData" status="passed"/>
        </suite>
    </suite>
    <suite duration="9" locationUrl="python&lt;C:\Users\Lora\Documents\School\ECE322\Lab4\src\tests&gt;://TestModuleG" name="TestModuleG" status="passed">
        <suite duration="9" locationUrl="python&lt;C:\Users\Lora\Documents\School\ECE322\Lab4\src\tests&gt;://TestModuleG.TestModuleE" name="TestModuleE" status="passed">
            <test duration="8" locationUrl="python&lt;C:\Users\Lora\Documents\School\ECE322\Lab4\src\tests&gt;://TestModuleG.TestModuleE.test_updateData" name="test_updateData" status="passed"/>
            <test duration="1" locationUrl="python&lt;C:\Users\Lora\Documents\School\ECE322\Lab4\src\tests&gt;://TestModuleG.TestModuleE.test_updateDataFileNotFound" name="test_updateDataFileNotFound" status="passed"/>
        </suite>
    </suite>
</testrun>
